<?xml version="1.0" encoding="utf-8"?><testsuites name="pytest tests"><testsuite name="pytest" errors="0" failures="0" skipped="0" tests="15" time="3.197" timestamp="2026-04-25T13:55:16.660806+00:00" hostname="agent-env-35dc0540-330c-4b3e-92ab-e79d8457c071"><testcase classname="backend.tests.backend_test" name="test_health" time="0.231" /><testcase classname="backend.tests.backend_test" name="test_contact_create_and_persist" time="0.467" /><testcase classname="backend.tests.backend_test" name="test_contact_missing_fields" time="0.047" /><testcase classname="backend.tests.backend_test" name="test_contact_bad_email" time="0.076" /><testcase classname="backend.tests.backend_test" name="test_login_success" time="0.267" /><testcase classname="backend.tests.backend_test" name="test_login_wrong_password" time="0.274" /><testcase classname="backend.tests.backend_test" name="test_login_unknown_user" time="0.046" /><testcase classname="backend.tests.backend_test" name="test_me_with_token" time="0.166" /><testcase classname="backend.tests.backend_test" name="test_me_without_token" time="0.135" /><testcase classname="backend.tests.backend_test" name="test_admin_messages_unauth" time="0.105" /><testcase classname="backend.tests.backend_test" name="test_admin_stats_unauth" time="0.102" /><testcase classname="backend.tests.backend_test" name="test_admin_patch_unauth" time="0.135" /><testcase classname="backend.tests.backend_test" name="test_admin_delete_unauth" time="0.106" /><testcase classname="backend.tests.backend_test" name="test_stats" time="0.148" /><testcase classname="backend.tests.backend_test" name="test_patch_and_delete_flow" time="0.818" /></testsuite></testsuites>